<?xml version="1.0" encoding="UTF-8"?>
<!-- Generated by org.testng.reporters.JUnitReportReporter -->
<testsuite hostname="user-PC" failures="0" tests="2" name="locators_selenium_Interactions.File_Upload" time="8.591" errors="0" timestamp="2024-03-31T20:06:14 IST" skipped="0">
  <testcase classname="locators_selenium_Interactions.File_Upload" name="FileUploadLink" time="4.546"/>
  <system-out/>
  <testcase classname="locators_selenium_Interactions.File_Upload" name="FileUpload" time="4.045"/>
  <system-out/>
</testsuite> <!-- locators_selenium_Interactions.File_Upload -->
