<?xml version="1.0" encoding="UTF-8"?>
<!-- Generated by org.testng.reporters.JUnitReportReporter -->
<testsuite hostname="user-PC" failures="0" tests="2" name="locators_selenium_Interactions.Secure_File_Download" time="52.096" errors="0" timestamp="2024-03-31T20:06:13 IST" skipped="0">
  <testcase classname="locators_selenium_Interactions.Secure_File_Download" name="Setup_SecureFileDownload" time="31.840"/>
  <system-out/>
  <testcase classname="locators_selenium_Interactions.Secure_File_Download" name="SecureFileDownload" time="20.256"/>
  <system-out/>
</testsuite> <!-- locators_selenium_Interactions.Secure_File_Download -->
