<?xml version="1.0" encoding="UTF-8"?>
<!-- Generated by org.testng.reporters.JUnitReportReporter -->
<testsuite hostname="user-PC" failures="0" tests="2" name="locators_selenium_Interactions.Checkboxes" time="2.862" errors="0" timestamp="2024-03-31T20:06:13 IST" skipped="0">
  <testcase classname="locators_selenium_Interactions.Checkboxes" name="MoveToCheckboxesLink" time="1.894"/>
  <system-out/>
  <testcase classname="locators_selenium_Interactions.Checkboxes" name="Check_boxes" time="0.968"/>
  <system-out/>
</testsuite> <!-- locators_selenium_Interactions.Checkboxes -->
