<?xml version="1.0" encoding="UTF-8"?>
<!-- Generated by org.testng.reporters.JUnitReportReporter -->
<testsuite hostname="user-PC" failures="0" tests="2" name="locators_selenium_Interactions.Infinite_Scroll" time="2.548" errors="0" timestamp="2024-03-31T20:06:13 IST" skipped="0">
  <testcase classname="locators_selenium_Interactions.Infinite_Scroll" name="Infinite_ScrollLink" time="2.353"/>
  <system-out/>
  <testcase classname="locators_selenium_Interactions.Infinite_Scroll" name="InfiniteScroll" time="0.195"/>
  <system-out/>
</testsuite> <!-- locators_selenium_Interactions.Infinite_Scroll -->
