<?xml version="1.0" encoding="UTF-8"?>
<!-- Generated by org.testng.reporters.JUnitReportReporter -->
<testsuite hostname="user-PC" failures="0" tests="2" name="locators_selenium_Interactions.Forgot_Password" time="3.667" errors="0" timestamp="2024-03-31T20:06:14 IST" skipped="0">
  <testcase classname="locators_selenium_Interactions.Forgot_Password" name="ForgotPassword" time="1.576"/>
  <system-out/>
  <testcase classname="locators_selenium_Interactions.Forgot_Password" name="ForgotPasswordlink" time="2.091"/>
  <system-out/>
</testsuite> <!-- locators_selenium_Interactions.Forgot_Password -->
