<?xml version="1.0" encoding="UTF-8"?>
<!-- Generated by org.testng.reporters.JUnitReportReporter -->
<testsuite hostname="user-PC" failures="0" tests="2" name="locators_selenium_Interactions.JQuery_UI_Menus" time="10.325" errors="0" timestamp="2024-03-31T20:06:12 IST" skipped="0">
  <testcase classname="locators_selenium_Interactions.JQuery_UI_Menus" name="JQueryUIMenus" time="8.197"/>
  <system-out/>
  <testcase classname="locators_selenium_Interactions.JQuery_UI_Menus" name="JQuery_UI_MenusLink" time="2.128"/>
  <system-out/>
</testsuite> <!-- locators_selenium_Interactions.JQuery_UI_Menus -->
