<?xml version="1.0" encoding="UTF-8"?>
<!-- Generated by org.testng.reporters.JUnitReportReporter -->
<testsuite hostname="user-PC" failures="0" tests="2" name="locators_selenium_Interactions.Nested_Frames" time="3.126" errors="0" timestamp="2024-03-31T20:06:11 IST" skipped="0">
  <testcase classname="locators_selenium_Interactions.Nested_Frames" name="NestedFramesLink" time="2.763"/>
  <system-out/>
  <testcase classname="locators_selenium_Interactions.Nested_Frames" name="NFrames" time="0.363"/>
  <system-out/>
</testsuite> <!-- locators_selenium_Interactions.Nested_Frames -->
