<?xml version="1.0" encoding="UTF-8"?>
<!-- Generated by org.testng.reporters.JUnitReportReporter -->
<testsuite hostname="user-PC" failures="0" tests="2" name="locators_selenium_Interactions.Entry_Ad" time="2.585" errors="0" timestamp="2024-03-31T20:06:12 IST" skipped="0">
  <testcase classname="locators_selenium_Interactions.Entry_Ad" name="EntryAdlink" time="1.335"/>
  <system-out/>
  <testcase classname="locators_selenium_Interactions.Entry_Ad" name="handleEntryAd" time="1.250"/>
  <system-out/>
</testsuite> <!-- locators_selenium_Interactions.Entry_Ad -->
