<?xml version="1.0" encoding="UTF-8"?>
<!-- Generated by org.testng.reporters.JUnitReportReporter -->
<testsuite hostname="user-PC" failures="0" tests="2" name="locators_selenium_Interactions.Disappearing_Elements" time="5.030" errors="0" timestamp="2024-03-31T20:06:14 IST" skipped="0">
  <testcase classname="locators_selenium_Interactions.Disappearing_Elements" name="DisappearingElementsLink" time="4.604"/>
  <system-out/>
  <testcase classname="locators_selenium_Interactions.Disappearing_Elements" name="HandlingDisappearingElements" time="0.426"/>
  <system-out/>
</testsuite> <!-- locators_selenium_Interactions.Disappearing_Elements -->
