<?xml version="1.0" encoding="UTF-8"?>
<!-- Generated by org.testng.reporters.JUnitReportReporter -->
<testsuite hostname="user-PC" failures="0" tests="2" name="locators_selenium_Interactions.Shadow_DOM" time="2.098" errors="0" timestamp="2024-03-31T20:06:11 IST" skipped="0">
  <testcase classname="locators_selenium_Interactions.Shadow_DOM" name="ShadowDOMLink" time="1.819"/>
  <system-out/>
  <testcase classname="locators_selenium_Interactions.Shadow_DOM" name="ShadowDOM" time="0.279"/>
  <system-out/>
</testsuite> <!-- locators_selenium_Interactions.Shadow_DOM -->
