<?xml version="1.0" encoding="UTF-8"?>
<!-- Generated by org.testng.reporters.JUnitReportReporter -->
<testsuite hostname="user-PC" failures="0" tests="2" name="locators_selenium_Interactions.AddAndRemove_Elements" time="7.332" errors="0" timestamp="2024-03-31T20:06:13 IST" skipped="0">
  <testcase classname="locators_selenium_Interactions.AddAndRemove_Elements" name="MoveTOAdd_RemoveLink" time="4.524"/>
  <system-out/>
  <testcase classname="locators_selenium_Interactions.AddAndRemove_Elements" name="Add_RemoveElements" time="2.808"/>
  <system-out/>
</testsuite> <!-- locators_selenium_Interactions.AddAndRemove_Elements -->
