<?xml version="1.0" encoding="UTF-8"?>
<!-- Generated by org.testng.reporters.JUnitReportReporter -->
<testsuite hostname="user-PC" failures="0" tests="2" name="locators_selenium_Interactions.Context_Menu" time="3.452" errors="0" timestamp="2024-03-31T20:06:11 IST" skipped="0">
  <testcase classname="locators_selenium_Interactions.Context_Menu" name="MoveToContextMenuLink" time="1.316"/>
  <system-out/>
  <testcase classname="locators_selenium_Interactions.Context_Menu" name="HandlingContextMenu" time="2.136"/>
  <system-out/>
</testsuite> <!-- locators_selenium_Interactions.Context_Menu -->
