<?xml version="1.0" encoding="UTF-8"?>
<!-- Generated by org.testng.reporters.JUnitReportReporter -->
<testsuite hostname="user-PC" failures="0" tests="2" name="locators_selenium_Interactions.BrokenImages" time="11.862" errors="0" timestamp="2024-03-31T20:06:09 IST" skipped="0">
  <testcase classname="locators_selenium_Interactions.BrokenImages" name="MoveToBrokenImage" time="9.660"/>
  <system-out/>
  <testcase classname="locators_selenium_Interactions.BrokenImages" name="Broken_Images" time="2.202"/>
  <system-out/>
</testsuite> <!-- locators_selenium_Interactions.BrokenImages -->
