<?xml version="1.0" encoding="UTF-8"?>
<!-- Generated by org.testng.reporters.JUnitReportReporter -->
<testsuite hostname="user-PC" failures="0" tests="5" name="locators_selenium_Interactions.Form_Authentication" time="21.628" errors="0" timestamp="2024-03-31T20:06:08 IST" skipped="0">
  <testcase classname="locators_selenium_Interactions.Form_Authentication" name="LogoutAccount" time="1.265"/>
  <system-out/>
  <testcase classname="locators_selenium_Interactions.Form_Authentication" name="FormAuthenticationLink" time="16.984"/>
  <system-out/>
  <testcase classname="locators_selenium_Interactions.Form_Authentication" name="FormAuthenticationUsingInvalidCredentials" time="2.210"/>
  <system-out/>
  <testcase classname="locators_selenium_Interactions.Form_Authentication" name="VerifyCredentialsInfo" time="0.145"/>
  <system-out/>
  <testcase classname="locators_selenium_Interactions.Form_Authentication" name="FormAuthenticationUsingValidCredentials" time="1.024"/>
  <system-out/>
</testsuite> <!-- locators_selenium_Interactions.Form_Authentication -->
