<?xml version="1.0" encoding="UTF-8"?>
<!-- Generated by org.testng.reporters.JUnitReportReporter -->
<testsuite hostname="user-PC" failures="0" tests="2" name="locators_selenium_Interactions.JavaScript_Alerts" time="3.030" errors="0" timestamp="2024-03-31T20:06:14 IST" skipped="0">
  <testcase classname="locators_selenium_Interactions.JavaScript_Alerts" name="JavaScriptAlertsLink" time="1.293"/>
  <system-out/>
  <testcase classname="locators_selenium_Interactions.JavaScript_Alerts" name="JavaScriptAlerts" time="1.737"/>
  <system-out/>
</testsuite> <!-- locators_selenium_Interactions.JavaScript_Alerts -->
