<?xml version="1.0" encoding="UTF-8"?>
<!-- Generated by org.testng.reporters.JUnitReportReporter -->
<testsuite hostname="user-PC" failures="0" tests="2" name="locators_selenium_Interactions.Basic_Auth" time="57.307" errors="0" timestamp="2024-03-31T20:06:13 IST" skipped="0">
  <testcase classname="locators_selenium_Interactions.Basic_Auth" name="BaseAuthLink" time="41.129"/>
  <system-out/>
  <testcase classname="locators_selenium_Interactions.Basic_Auth" name="verify" time="16.178"/>
  <system-out/>
</testsuite> <!-- locators_selenium_Interactions.Basic_Auth -->
