<?xml version="1.0" encoding="UTF-8"?>
<!-- Generated by org.testng.reporters.JUnitReportReporter -->
<testsuite hostname="user-PC" failures="0" tests="2" name="locators_selenium_Interactions.DragAndDrop" time="2.178" errors="0" timestamp="2024-03-31T20:06:13 IST" skipped="0">
  <testcase classname="locators_selenium_Interactions.DragAndDrop" name="Drag_DropLink" time="1.483"/>
  <system-out/>
  <testcase classname="locators_selenium_Interactions.DragAndDrop" name="DragAndDrops" time="0.695"/>
  <system-out/>
</testsuite> <!-- locators_selenium_Interactions.DragAndDrop -->
