<?xml version="1.0" encoding="UTF-8"?>
<!-- Generated by org.testng.reporters.JUnitReportReporter -->
<testsuite hostname="user-PC" failures="0" tests="2" name="locators_selenium_Interactions.Notification_Messages" time="3.538" errors="0" timestamp="2024-03-31T20:06:14 IST" skipped="0">
  <testcase classname="locators_selenium_Interactions.Notification_Messages" name="NotificationMessages" time="1.710"/>
  <system-out/>
  <testcase classname="locators_selenium_Interactions.Notification_Messages" name="Notification_MessagesLink" time="1.828"/>
  <system-out/>
</testsuite> <!-- locators_selenium_Interactions.Notification_Messages -->
