<?xml version="1.0" encoding="UTF-8"?>
<!-- Generated by org.testng.reporters.JUnitReportReporter -->
<testsuite hostname="user-PC" failures="0" tests="2" name="locators_selenium_Interactions.Challenging_DOM" time="21.926" errors="0" timestamp="2024-03-31T20:06:09 IST" skipped="0">
  <testcase classname="locators_selenium_Interactions.Challenging_DOM" name="DomElementIdentify" time="15.453"/>
  <system-out/>
  <testcase classname="locators_selenium_Interactions.Challenging_DOM" name="MoveToChallengingDOMLinnk" time="6.473"/>
  <system-out/>
</testsuite> <!-- locators_selenium_Interactions.Challenging_DOM -->
