<?xml version="1.0" encoding="UTF-8"?>
<!-- Generated by org.testng.reporters.JUnitReportReporter -->
<testsuite hostname="user-PC" failures="0" tests="2" name="locators_selenium_Interactions.File_Download" time="8.663" errors="0" timestamp="2024-03-31T20:06:13 IST" skipped="0">
  <testcase classname="locators_selenium_Interactions.File_Download" name="Filedownloadlink" time="2.106"/>
  <system-out/>
  <testcase classname="locators_selenium_Interactions.File_Download" name="Downloadfile" time="6.557"/>
  <system-out/>
</testsuite> <!-- locators_selenium_Interactions.File_Download -->
