<?xml version="1.0" encoding="UTF-8"?>
<!-- Generated by org.testng.reporters.JUnitReportReporter -->
<testsuite hostname="user-PC" failures="0" tests="2" name="locators_selenium_Interactions.Input_interacts" time="2.438" errors="0" timestamp="2024-03-31T20:06:13 IST" skipped="0">
  <testcase classname="locators_selenium_Interactions.Input_interacts" name="InputLink" time="1.511"/>
  <system-out/>
  <testcase classname="locators_selenium_Interactions.Input_interacts" name="Inputs" time="0.927"/>
  <system-out/>
</testsuite> <!-- locators_selenium_Interactions.Input_interacts -->
