<?xml version="1.0" encoding="UTF-8"?>
<!-- Generated by org.testng.reporters.JUnitReportReporter -->
<testsuite hostname="user-PC" failures="0" tests="5" name="locators_selenium_Interactions.Frames_Interact" time="15.530" errors="0" timestamp="2024-03-31T20:06:13 IST" skipped="0">
  <testcase classname="locators_selenium_Interactions.Frames_Interact" name="NestedFrames" time="1.788"/>
  <system-out/>
  <testcase classname="locators_selenium_Interactions.Frames_Interact" name="MoveToIframe" time="11.378"/>
  <system-out/>
  <testcase classname="locators_selenium_Interactions.Frames_Interact" name="FramesLink" time="1.912"/>
  <system-out/>
  <testcase classname="locators_selenium_Interactions.Frames_Interact" name="IFramesInteract" time="0.133"/>
  <system-out/>
  <testcase classname="locators_selenium_Interactions.Frames_Interact" name="NFrames" time="0.319"/>
  <system-out/>
</testsuite> <!-- locators_selenium_Interactions.Frames_Interact -->
