<?xml version="1.0" encoding="UTF-8"?>
<!-- Generated by org.testng.reporters.JUnitReportReporter -->
<testsuite hostname="user-PC" failures="0" tests="2" name="locators_selenium_Interactions.Key_Presses" time="2.200" errors="0" timestamp="2024-03-31T20:06:13 IST" skipped="0">
  <testcase classname="locators_selenium_Interactions.Key_Presses" name="KeyPresses_Interact" time="0.632"/>
  <system-out/>
  <testcase classname="locators_selenium_Interactions.Key_Presses" name="KeyPressesLink" time="1.568"/>
  <system-out/>
</testsuite> <!-- locators_selenium_Interactions.Key_Presses -->
