<?xml version="1.0" encoding="UTF-8"?>
<!-- Generated by org.testng.reporters.JUnitReportReporter -->
<testsuite hostname="user-PC" failures="0" tests="2" name="locators_selenium_Interactions.Horizontal_Slider" time="2.365" errors="0" timestamp="2024-03-31T20:06:12 IST" skipped="0">
  <testcase classname="locators_selenium_Interactions.Horizontal_Slider" name="HorizontalSlider" time="0.361"/>
  <system-out/>
  <testcase classname="locators_selenium_Interactions.Horizontal_Slider" name="HorizontalSliderLink" time="2.004"/>
  <system-out/>
</testsuite> <!-- locators_selenium_Interactions.Horizontal_Slider -->
