<?xml version="1.0" encoding="UTF-8"?>
<!-- Generated by org.testng.reporters.JUnitReportReporter -->
<testsuite hostname="user-PC" failures="0" tests="6" name="locators_selenium_Interactions.Dynamic_Controls" time="16.732" errors="0" timestamp="2024-03-31T20:06:14 IST" skipped="0">
  <testcase classname="locators_selenium_Interactions.Dynamic_Controls" name="DisableInputBox" time="3.149"/>
  <system-out/>
  <testcase classname="locators_selenium_Interactions.Dynamic_Controls" name="DynamicControlsLink" time="2.388"/>
  <system-out/>
  <testcase classname="locators_selenium_Interactions.Dynamic_Controls" name="RemoveCheckBox" time="3.611"/>
  <system-out/>
  <testcase classname="locators_selenium_Interactions.Dynamic_Controls" name="AddCheckBox" time="3.393"/>
  <system-out/>
  <testcase classname="locators_selenium_Interactions.Dynamic_Controls" name="VerifyInputBox" time="0.035"/>
  <system-out/>
  <testcase classname="locators_selenium_Interactions.Dynamic_Controls" name="EnableInputBox" time="4.156"/>
  <system-out/>
</testsuite> <!-- locators_selenium_Interactions.Dynamic_Controls -->
