<?xml version="1.0" encoding="UTF-8"?>
<!-- Generated by org.testng.reporters.JUnitReportReporter -->
<testsuite hostname="user-PC" failures="0" tests="6" name="locators_selenium_Interactions.Redirect_Link" time="7.593" errors="0" timestamp="2024-03-31T20:06:11 IST" skipped="0">
  <testcase classname="locators_selenium_Interactions.Redirect_Link" name="RedirectLink" time="1.837"/>
  <system-out/>
  <testcase classname="locators_selenium_Interactions.Redirect_Link" name="Redirect_LinkInteract" time="1.031"/>
  <system-out/>
  <testcase classname="locators_selenium_Interactions.Redirect_Link" name="HttpStatusCode200" time="1.429"/>
  <system-out/>
  <testcase classname="locators_selenium_Interactions.Redirect_Link" name="HttpStatusCode301" time="1.192"/>
  <system-out/>
  <testcase classname="locators_selenium_Interactions.Redirect_Link" name="HttpStatusCode404" time="1.336"/>
  <system-out/>
  <testcase classname="locators_selenium_Interactions.Redirect_Link" name="HttpStatusCode500" time="0.768"/>
  <system-out/>
</testsuite> <!-- locators_selenium_Interactions.Redirect_Link -->
