<?xml version="1.0" encoding="UTF-8"?>
<!-- Generated by org.testng.reporters.JUnitReportReporter -->
<testsuite hostname="user-PC" failures="0" tests="2" name="locators_selenium_Interactions.Drop_Down" time="2.384" errors="0" timestamp="2024-03-31T20:06:14 IST" skipped="0">
  <testcase classname="locators_selenium_Interactions.Drop_Down" name="DropdownLink" time="1.590"/>
  <system-out/>
  <testcase classname="locators_selenium_Interactions.Drop_Down" name="Dropdown" time="0.794"/>
  <system-out/>
</testsuite> <!-- locators_selenium_Interactions.Drop_Down -->
