<?xml version="1.0" encoding="UTF-8"?>
<!-- Generated by org.testng.reporters.JUnitReportReporter -->
<testsuite hostname="user-PC" failures="0" tests="2" name="locators_selenium_Interactions.Digest_Authentication" time="59.186" errors="0" timestamp="2024-03-31T20:06:13 IST" skipped="0">
  <testcase classname="locators_selenium_Interactions.Digest_Authentication" name="verify" time="16.099"/>
  <system-out/>
  <testcase classname="locators_selenium_Interactions.Digest_Authentication" name="Digest_AuthenticationSignIn" time="43.087"/>
  <system-out/>
</testsuite> <!-- locators_selenium_Interactions.Digest_Authentication -->
